<?xml version="1.0" encoding="UTF-8"?>
<testng-results ignored="0" total="1" passed="1" failed="0" skipped="0">
  <reporter-output>
  </reporter-output>
  <suite started-at="2025-03-24T21:40:00 IST" name="Default suite" finished-at="2025-03-24T21:41:51 IST" duration-ms="111064">
    <groups>
    </groups>
    <test started-at="2025-03-24T21:40:00 IST" name="Default test" finished-at="2025-03-24T21:41:51 IST" duration-ms="111064">
      <class name="JiraBugTest">
        <test-method signature="TestJira()[pri:0, instance:JiraBugTest@7f485fda]" started-at="2025-03-24T21:40:00 IST" name="TestJira" finished-at="2025-03-24T21:41:51 IST" duration-ms="111011" status="PASS">
          <reporter-output>
          </reporter-output>
        </test-method> <!-- TestJira -->
      </class> <!-- JiraBugTest -->
    </test> <!-- Default test -->
  </suite> <!-- Default suite -->
</testng-results>
